The system is: Linux - 4.4.6-gentoo - x86_64
Compiling the C compiler identification source file "CMakeCCompilerId.c" succeeded.
Compiler: /usr/bin/cc 
Build flags: 
Id flags: 

The output was:
0


Compilation of the C compiler identification source "CMakeCCompilerId.c" produced "a.out"

The C compiler identification is GNU, found in "/home/artem/artem/MIPT/infa/project/sfgui-build/CMakeFiles/3.3.1/CompilerIdC/a.out"

Compiling the CXX compiler identification source file "CMakeCXXCompilerId.cpp" succeeded.
Compiler: /usr/bin/c++ 
Build flags: 
Id flags: 

The output was:
0


Compilation of the CXX compiler identification source "CMakeCXXCompilerId.cpp" produced "a.out"

The CXX compiler identification is GNU, found in "/home/artem/artem/MIPT/infa/project/sfgui-build/CMakeFiles/3.3.1/CompilerIdCXX/a.out"

Determining if the C compiler works passed with the following output:
Change Dir: /home/artem/artem/MIPT/infa/project/sfgui-build/CMakeFiles/CMakeTmp

Run Build Command:"/usr/bin/gmake" "cmTC_8904b/fast"
/usr/bin/gmake -f CMakeFiles/cmTC_8904b.dir/build.make CMakeFiles/cmTC_8904b.dir/build
gmake[1]: вход в каталог «/home/artem/artem/MIPT/infa/project/sfgui-build/CMakeFiles/CMakeTmp»
Building C object CMakeFiles/cmTC_8904b.dir/testCCompiler.c.o
/usr/bin/cc    -o CMakeFiles/cmTC_8904b.dir/testCCompiler.c.o   -c /home/artem/artem/MIPT/infa/project/sfgui-build/CMakeFiles/CMakeTmp/testCCompiler.c
Linking C executable cmTC_8904b
/usr/bin/cmake -E cmake_link_script CMakeFiles/cmTC_8904b.dir/link.txt --verbose=1
/usr/bin/cc       CMakeFiles/cmTC_8904b.dir/testCCompiler.c.o  -o cmTC_8904b -rdynamic 
gmake[1]: выход из каталога «/home/artem/artem/MIPT/infa/project/sfgui-build/CMakeFiles/CMakeTmp»


Detecting C compiler ABI info compiled with the following output:
Change Dir: /home/artem/artem/MIPT/infa/project/sfgui-build/CMakeFiles/CMakeTmp

Run Build Command:"/usr/bin/gmake" "cmTC_c04bf/fast"
/usr/bin/gmake -f CMakeFiles/cmTC_c04bf.dir/build.make CMakeFiles/cmTC_c04bf.dir/build
gmake[1]: вход в каталог «/home/artem/artem/MIPT/infa/project/sfgui-build/CMakeFiles/CMakeTmp»
Building C object CMakeFiles/cmTC_c04bf.dir/CMakeCCompilerABI.c.o
/usr/bin/cc    -o CMakeFiles/cmTC_c04bf.dir/CMakeCCompilerABI.c.o   -c /usr/share/cmake/Modules/CMakeCCompilerABI.c
Linking C executable cmTC_c04bf
/usr/bin/cmake -E cmake_link_script CMakeFiles/cmTC_c04bf.dir/link.txt --verbose=1
/usr/bin/cc      -v CMakeFiles/cmTC_c04bf.dir/CMakeCCompilerABI.c.o  -o cmTC_c04bf -rdynamic  
Используются внутренние спецификации.
COLLECT_GCC=/usr/x86_64-pc-linux-gnu/gcc-bin/4.9.3/gcc
COLLECT_LTO_WRAPPER=/usr/libexec/gcc/x86_64-pc-linux-gnu/4.9.3/lto-wrapper
Целевая архитектура: x86_64-pc-linux-gnu
Параметры конфигурации: /tmp/portage/sys-devel/gcc-4.9.3/work/gcc-4.9.3/configure --host=x86_64-pc-linux-gnu --build=x86_64-pc-linux-gnu --prefix=/usr --bindir=/usr/x86_64-pc-linux-gnu/gcc-bin/4.9.3 --includedir=/usr/lib/gcc/x86_64-pc-linux-gnu/4.9.3/include --datadir=/usr/share/gcc-data/x86_64-pc-linux-gnu/4.9.3 --mandir=/usr/share/gcc-data/x86_64-pc-linux-gnu/4.9.3/man --infodir=/usr/share/gcc-data/x86_64-pc-linux-gnu/4.9.3/info --with-gxx-include-dir=/usr/lib/gcc/x86_64-pc-linux-gnu/4.9.3/include/g++-v4 --with-python-dir=/share/gcc-data/x86_64-pc-linux-gnu/4.9.3/python --enable-languages=c,c++,fortran --enable-obsolete --enable-secureplt --disable-werror --with-system-zlib --enable-nls --without-included-gettext --enable-checking=release --with-bugurl=https://bugs.gentoo.org/ --with-pkgversion='Gentoo 4.9.3 p1.5, pie-0.6.4' --enable-libstdcxx-time --enable-shared --enable-threads=posix --enable-__cxa_atexit --enable-clocale=gnu --enable-multilib --with-multilib-list=m32,m64 --disable-altivec --disable-fixed-point --enable-targets=all --disable-libgcj --enable-libgomp --disable-libmudflap --disable-libssp --disable-libcilkrts --enable-vtable-verify --enable-libvtv --enable-lto --without-cloog --enable-libsanitizer
Модель многопоточности: posix
gcc версия 4.9.3 (Gentoo 4.9.3 p1.5, pie-0.6.4) 
COMPILER_PATH=/usr/libexec/gcc/x86_64-pc-linux-gnu/4.9.3/:/usr/libexec/gcc/x86_64-pc-linux-gnu/4.9.3/:/usr/libexec/gcc/x86_64-pc-linux-gnu/:/usr/lib/gcc/x86_64-pc-linux-gnu/4.9.3/:/usr/lib/gcc/x86_64-pc-linux-gnu/:/usr/lib/gcc/x86_64-pc-linux-gnu/4.9.3/../../../../x86_64-pc-linux-gnu/bin/
LIBRARY_PATH=/usr/lib/gcc/x86_64-pc-linux-gnu/4.9.3/:/usr/lib/gcc/x86_64-pc-linux-gnu/4.9.3/../../../../lib64/:/lib/../lib64/:/usr/lib/../lib64/:/usr/lib/gcc/x86_64-pc-linux-gnu/4.9.3/../../../../x86_64-pc-linux-gnu/lib/:/usr/lib/gcc/x86_64-pc-linux-gnu/4.9.3/../../../:/lib/:/usr/lib/
COLLECT_GCC_OPTIONS='-v' '-o' 'cmTC_c04bf' '-rdynamic' '-mtune=generic' '-march=x86-64'
 /usr/libexec/gcc/x86_64-pc-linux-gnu/4.9.3/collect2 -plugin /usr/libexec/gcc/x86_64-pc-linux-gnu/4.9.3/liblto_plugin.so -plugin-opt=/usr/libexec/gcc/x86_64-pc-linux-gnu/4.9.3/lto-wrapper -plugin-opt=-fresolution=/tmp/ccLryCS6.res -plugin-opt=-pass-through=-lgcc -plugin-opt=-pass-through=-lgcc_s -plugin-opt=-pass-through=-lc -plugin-opt=-pass-through=-lgcc -plugin-opt=-pass-through=-lgcc_s --eh-frame-hdr -m elf_x86_64 -export-dynamic -dynamic-linker /lib64/ld-linux-x86-64.so.2 -o cmTC_c04bf /usr/lib/gcc/x86_64-pc-linux-gnu/4.9.3/../../../../lib64/crt1.o /usr/lib/gcc/x86_64-pc-linux-gnu/4.9.3/../../../../lib64/crti.o /usr/lib/gcc/x86_64-pc-linux-gnu/4.9.3/crtbegin.o -L/usr/lib/gcc/x86_64-pc-linux-gnu/4.9.3 -L/usr/lib/gcc/x86_64-pc-linux-gnu/4.9.3/../../../../lib64 -L/lib/../lib64 -L/usr/lib/../lib64 -L/usr/lib/gcc/x86_64-pc-linux-gnu/4.9.3/../../../../x86_64-pc-linux-gnu/lib -L/usr/lib/gcc/x86_64-pc-linux-gnu/4.9.3/../../.. CMakeFiles/cmTC_c04bf.dir/CMakeCCompilerABI.c.o -lgcc --as-needed -lgcc_s --no-as-needed -lc -lgcc --as-needed -lgcc_s --no-as-needed /usr/lib/gcc/x86_64-pc-linux-gnu/4.9.3/crtend.o /usr/lib/gcc/x86_64-pc-linux-gnu/4.9.3/../../../../lib64/crtn.o
gmake[1]: выход из каталога «/home/artem/artem/MIPT/infa/project/sfgui-build/CMakeFiles/CMakeTmp»


Parsed C implicit link information from above output:
  link line regex: [^( *|.*[/\])(ld|([^/\]+-)?ld|collect2)[^/\]*( |$)]
  ignore line: [Change Dir: /home/artem/artem/MIPT/infa/project/sfgui-build/CMakeFiles/CMakeTmp]
  ignore line: []
  ignore line: [Run Build Command:"/usr/bin/gmake" "cmTC_c04bf/fast"]
  ignore line: [/usr/bin/gmake -f CMakeFiles/cmTC_c04bf.dir/build.make CMakeFiles/cmTC_c04bf.dir/build]
  ignore line: [gmake[1]: вход в каталог «/home/artem/artem/MIPT/infa/project/sfgui-build/CMakeFiles/CMakeTmp»]
  ignore line: [Building C object CMakeFiles/cmTC_c04bf.dir/CMakeCCompilerABI.c.o]
  ignore line: [/usr/bin/cc    -o CMakeFiles/cmTC_c04bf.dir/CMakeCCompilerABI.c.o   -c /usr/share/cmake/Modules/CMakeCCompilerABI.c]
  ignore line: [Linking C executable cmTC_c04bf]
  ignore line: [/usr/bin/cmake -E cmake_link_script CMakeFiles/cmTC_c04bf.dir/link.txt --verbose=1]
  ignore line: [/usr/bin/cc      -v CMakeFiles/cmTC_c04bf.dir/CMakeCCompilerABI.c.o  -o cmTC_c04bf -rdynamic  ]
  ignore line: [Используются внутренние спецификации.]
  ignore line: [COLLECT_GCC=/usr/x86_64-pc-linux-gnu/gcc-bin/4.9.3/gcc]
  ignore line: [COLLECT_LTO_WRAPPER=/usr/libexec/gcc/x86_64-pc-linux-gnu/4.9.3/lto-wrapper]
  ignore line: [Целевая архитектура: x86_64-pc-linux-gnu]
  ignore line: [Параметры конфигурации: /tmp/portage/sys-devel/gcc-4.9.3/work/gcc-4.9.3/configure --host=x86_64-pc-linux-gnu --build=x86_64-pc-linux-gnu --prefix=/usr --bindir=/usr/x86_64-pc-linux-gnu/gcc-bin/4.9.3 --includedir=/usr/lib/gcc/x86_64-pc-linux-gnu/4.9.3/include --datadir=/usr/share/gcc-data/x86_64-pc-linux-gnu/4.9.3 --mandir=/usr/share/gcc-data/x86_64-pc-linux-gnu/4.9.3/man --infodir=/usr/share/gcc-data/x86_64-pc-linux-gnu/4.9.3/info --with-gxx-include-dir=/usr/lib/gcc/x86_64-pc-linux-gnu/4.9.3/include/g++-v4 --with-python-dir=/share/gcc-data/x86_64-pc-linux-gnu/4.9.3/python --enable-languages=c,c++,fortran --enable-obsolete --enable-secureplt --disable-werror --with-system-zlib --enable-nls --without-included-gettext --enable-checking=release --with-bugurl=https://bugs.gentoo.org/ --with-pkgversion='Gentoo 4.9.3 p1.5, pie-0.6.4' --enable-libstdcxx-time --enable-shared --enable-threads=posix --enable-__cxa_atexit --enable-clocale=gnu --enable-multilib --with-multilib-list=m32,m64 --disable-altivec --disable-fixed-point --enable-targets=all --disable-libgcj --enable-libgomp --disable-libmudflap --disable-libssp --disable-libcilkrts --enable-vtable-verify --enable-libvtv --enable-lto --without-cloog --enable-libsanitizer]
  ignore line: [Модель многопоточности: posix]
  ignore line: [gcc версия 4.9.3 (Gentoo 4.9.3 p1.5, pie-0.6.4) ]
  ignore line: [COMPILER_PATH=/usr/libexec/gcc/x86_64-pc-linux-gnu/4.9.3/:/usr/libexec/gcc/x86_64-pc-linux-gnu/4.9.3/:/usr/libexec/gcc/x86_64-pc-linux-gnu/:/usr/lib/gcc/x86_64-pc-linux-gnu/4.9.3/:/usr/lib/gcc/x86_64-pc-linux-gnu/:/usr/lib/gcc/x86_64-pc-linux-gnu/4.9.3/../../../../x86_64-pc-linux-gnu/bin/]
  ignore line: [LIBRARY_PATH=/usr/lib/gcc/x86_64-pc-linux-gnu/4.9.3/:/usr/lib/gcc/x86_64-pc-linux-gnu/4.9.3/../../../../lib64/:/lib/../lib64/:/usr/lib/../lib64/:/usr/lib/gcc/x86_64-pc-linux-gnu/4.9.3/../../../../x86_64-pc-linux-gnu/lib/:/usr/lib/gcc/x86_64-pc-linux-gnu/4.9.3/../../../:/lib/:/usr/lib/]
  ignore line: [COLLECT_GCC_OPTIONS='-v' '-o' 'cmTC_c04bf' '-rdynamic' '-mtune=generic' '-march=x86-64']
  link line: [ /usr/libexec/gcc/x86_64-pc-linux-gnu/4.9.3/collect2 -plugin /usr/libexec/gcc/x86_64-pc-linux-gnu/4.9.3/liblto_plugin.so -plugin-opt=/usr/libexec/gcc/x86_64-pc-linux-gnu/4.9.3/lto-wrapper -plugin-opt=-fresolution=/tmp/ccLryCS6.res -plugin-opt=-pass-through=-lgcc -plugin-opt=-pass-through=-lgcc_s -plugin-opt=-pass-through=-lc -plugin-opt=-pass-through=-lgcc -plugin-opt=-pass-through=-lgcc_s --eh-frame-hdr -m elf_x86_64 -export-dynamic -dynamic-linker /lib64/ld-linux-x86-64.so.2 -o cmTC_c04bf /usr/lib/gcc/x86_64-pc-linux-gnu/4.9.3/../../../../lib64/crt1.o /usr/lib/gcc/x86_64-pc-linux-gnu/4.9.3/../../../../lib64/crti.o /usr/lib/gcc/x86_64-pc-linux-gnu/4.9.3/crtbegin.o -L/usr/lib/gcc/x86_64-pc-linux-gnu/4.9.3 -L/usr/lib/gcc/x86_64-pc-linux-gnu/4.9.3/../../../../lib64 -L/lib/../lib64 -L/usr/lib/../lib64 -L/usr/lib/gcc/x86_64-pc-linux-gnu/4.9.3/../../../../x86_64-pc-linux-gnu/lib -L/usr/lib/gcc/x86_64-pc-linux-gnu/4.9.3/../../.. CMakeFiles/cmTC_c04bf.dir/CMakeCCompilerABI.c.o -lgcc --as-needed -lgcc_s --no-as-needed -lc -lgcc --as-needed -lgcc_s --no-as-needed /usr/lib/gcc/x86_64-pc-linux-gnu/4.9.3/crtend.o /usr/lib/gcc/x86_64-pc-linux-gnu/4.9.3/../../../../lib64/crtn.o]
    arg [/usr/libexec/gcc/x86_64-pc-linux-gnu/4.9.3/collect2] ==> ignore
    arg [-plugin] ==> ignore
    arg [/usr/libexec/gcc/x86_64-pc-linux-gnu/4.9.3/liblto_plugin.so] ==> ignore
    arg [-plugin-opt=/usr/libexec/gcc/x86_64-pc-linux-gnu/4.9.3/lto-wrapper] ==> ignore
    arg [-plugin-opt=-fresolution=/tmp/ccLryCS6.res] ==> ignore
    arg [-plugin-opt=-pass-through=-lgcc] ==> ignore
    arg [-plugin-opt=-pass-through=-lgcc_s] ==> ignore
    arg [-plugin-opt=-pass-through=-lc] ==> ignore
    arg [-plugin-opt=-pass-through=-lgcc] ==> ignore
    arg [-plugin-opt=-pass-through=-lgcc_s] ==> ignore
    arg [--eh-frame-hdr] ==> ignore
    arg [-m] ==> ignore
    arg [elf_x86_64] ==> ignore
    arg [-export-dynamic] ==> ignore
    arg [-dynamic-linker] ==> ignore
    arg [/lib64/ld-linux-x86-64.so.2] ==> ignore
    arg [-o] ==> ignore
    arg [cmTC_c04bf] ==> ignore
    arg [/usr/lib/gcc/x86_64-pc-linux-gnu/4.9.3/../../../../lib64/crt1.o] ==> ignore
    arg [/usr/lib/gcc/x86_64-pc-linux-gnu/4.9.3/../../../../lib64/crti.o] ==> ignore
    arg [/usr/lib/gcc/x86_64-pc-linux-gnu/4.9.3/crtbegin.o] ==> ignore
    arg [-L/usr/lib/gcc/x86_64-pc-linux-gnu/4.9.3] ==> dir [/usr/lib/gcc/x86_64-pc-linux-gnu/4.9.3]
    arg [-L/usr/lib/gcc/x86_64-pc-linux-gnu/4.9.3/../../../../lib64] ==> dir [/usr/lib/gcc/x86_64-pc-linux-gnu/4.9.3/../../../../lib64]
    arg [-L/lib/../lib64] ==> dir [/lib/../lib64]
    arg [-L/usr/lib/../lib64] ==> dir [/usr/lib/../lib64]
    arg [-L/usr/lib/gcc/x86_64-pc-linux-gnu/4.9.3/../../../../x86_64-pc-linux-gnu/lib] ==> dir [/usr/lib/gcc/x86_64-pc-linux-gnu/4.9.3/../../../../x86_64-pc-linux-gnu/lib]
    arg [-L/usr/lib/gcc/x86_64-pc-linux-gnu/4.9.3/../../..] ==> dir [/usr/lib/gcc/x86_64-pc-linux-gnu/4.9.3/../../..]
    arg [CMakeFiles/cmTC_c04bf.dir/CMakeCCompilerABI.c.o] ==> ignore
    arg [-lgcc] ==> lib [gcc]
    arg [--as-needed] ==> ignore
    arg [-lgcc_s] ==> lib [gcc_s]
    arg [--no-as-needed] ==> ignore
    arg [-lc] ==> lib [c]
    arg [-lgcc] ==> lib [gcc]
    arg [--as-needed] ==> ignore
    arg [-lgcc_s] ==> lib [gcc_s]
    arg [--no-as-needed] ==> ignore
    arg [/usr/lib/gcc/x86_64-pc-linux-gnu/4.9.3/crtend.o] ==> ignore
    arg [/usr/lib/gcc/x86_64-pc-linux-gnu/4.9.3/../../../../lib64/crtn.o] ==> ignore
  remove lib [gcc]
  remove lib [gcc_s]
  remove lib [gcc]
  remove lib [gcc_s]
  collapse library dir [/usr/lib/gcc/x86_64-pc-linux-gnu/4.9.3] ==> [/usr/lib/gcc/x86_64-pc-linux-gnu/4.9.3]
  collapse library dir [/usr/lib/gcc/x86_64-pc-linux-gnu/4.9.3/../../../../lib64] ==> [/usr/lib64]
  collapse library dir [/lib/../lib64] ==> [/lib64]
  collapse library dir [/usr/lib/../lib64] ==> [/usr/lib64]
  collapse library dir [/usr/lib/gcc/x86_64-pc-linux-gnu/4.9.3/../../../../x86_64-pc-linux-gnu/lib] ==> [/usr/x86_64-pc-linux-gnu/lib]
  collapse library dir [/usr/lib/gcc/x86_64-pc-linux-gnu/4.9.3/../../..] ==> [/usr/lib]
  implicit libs: [c]
  implicit dirs: [/usr/lib/gcc/x86_64-pc-linux-gnu/4.9.3;/usr/lib64;/lib64;/usr/x86_64-pc-linux-gnu/lib;/usr/lib]
  implicit fwks: []




Detecting C [-std=c11] compiler features compiled with the following output:
Change Dir: /home/artem/artem/MIPT/infa/project/sfgui-build/CMakeFiles/CMakeTmp

Run Build Command:"/usr/bin/gmake" "cmTC_02f78/fast"
/usr/bin/gmake -f CMakeFiles/cmTC_02f78.dir/build.make CMakeFiles/cmTC_02f78.dir/build
gmake[1]: вход в каталог «/home/artem/artem/MIPT/infa/project/sfgui-build/CMakeFiles/CMakeTmp»
Building C object CMakeFiles/cmTC_02f78.dir/feature_tests.c.o
/usr/bin/cc   -std=c11 -o CMakeFiles/cmTC_02f78.dir/feature_tests.c.o   -c /home/artem/artem/MIPT/infa/project/sfgui-build/CMakeFiles/feature_tests.c
Linking C executable cmTC_02f78
/usr/bin/cmake -E cmake_link_script CMakeFiles/cmTC_02f78.dir/link.txt --verbose=1
/usr/bin/cc       CMakeFiles/cmTC_02f78.dir/feature_tests.c.o  -o cmTC_02f78 -rdynamic 
gmake[1]: выход из каталога «/home/artem/artem/MIPT/infa/project/sfgui-build/CMakeFiles/CMakeTmp»


    Feature record: C_FEATURE:1c_function_prototypes
    Feature record: C_FEATURE:1c_restrict
    Feature record: C_FEATURE:1c_static_assert
    Feature record: C_FEATURE:1c_variadic_macros


Detecting C [-std=c99] compiler features compiled with the following output:
Change Dir: /home/artem/artem/MIPT/infa/project/sfgui-build/CMakeFiles/CMakeTmp

Run Build Command:"/usr/bin/gmake" "cmTC_a50de/fast"
/usr/bin/gmake -f CMakeFiles/cmTC_a50de.dir/build.make CMakeFiles/cmTC_a50de.dir/build
gmake[1]: вход в каталог «/home/artem/artem/MIPT/infa/project/sfgui-build/CMakeFiles/CMakeTmp»
Building C object CMakeFiles/cmTC_a50de.dir/feature_tests.c.o
/usr/bin/cc   -std=c99 -o CMakeFiles/cmTC_a50de.dir/feature_tests.c.o   -c /home/artem/artem/MIPT/infa/project/sfgui-build/CMakeFiles/feature_tests.c
Linking C executable cmTC_a50de
/usr/bin/cmake -E cmake_link_script CMakeFiles/cmTC_a50de.dir/link.txt --verbose=1
/usr/bin/cc       CMakeFiles/cmTC_a50de.dir/feature_tests.c.o  -o cmTC_a50de -rdynamic 
gmake[1]: выход из каталога «/home/artem/artem/MIPT/infa/project/sfgui-build/CMakeFiles/CMakeTmp»


    Feature record: C_FEATURE:1c_function_prototypes
    Feature record: C_FEATURE:1c_restrict
    Feature record: C_FEATURE:0c_static_assert
    Feature record: C_FEATURE:1c_variadic_macros


Detecting C [-std=c90] compiler features compiled with the following output:
Change Dir: /home/artem/artem/MIPT/infa/project/sfgui-build/CMakeFiles/CMakeTmp

Run Build Command:"/usr/bin/gmake" "cmTC_d9242/fast"
/usr/bin/gmake -f CMakeFiles/cmTC_d9242.dir/build.make CMakeFiles/cmTC_d9242.dir/build
gmake[1]: вход в каталог «/home/artem/artem/MIPT/infa/project/sfgui-build/CMakeFiles/CMakeTmp»
Building C object CMakeFiles/cmTC_d9242.dir/feature_tests.c.o
/usr/bin/cc   -std=c90 -o CMakeFiles/cmTC_d9242.dir/feature_tests.c.o   -c /home/artem/artem/MIPT/infa/project/sfgui-build/CMakeFiles/feature_tests.c
Linking C executable cmTC_d9242
/usr/bin/cmake -E cmake_link_script CMakeFiles/cmTC_d9242.dir/link.txt --verbose=1
/usr/bin/cc       CMakeFiles/cmTC_d9242.dir/feature_tests.c.o  -o cmTC_d9242 -rdynamic 
gmake[1]: выход из каталога «/home/artem/artem/MIPT/infa/project/sfgui-build/CMakeFiles/CMakeTmp»


    Feature record: C_FEATURE:1c_function_prototypes
    Feature record: C_FEATURE:0c_restrict
    Feature record: C_FEATURE:0c_static_assert
    Feature record: C_FEATURE:0c_variadic_macros
Determining if the CXX compiler works passed with the following output:
Change Dir: /home/artem/artem/MIPT/infa/project/sfgui-build/CMakeFiles/CMakeTmp

Run Build Command:"/usr/bin/gmake" "cmTC_eec70/fast"
/usr/bin/gmake -f CMakeFiles/cmTC_eec70.dir/build.make CMakeFiles/cmTC_eec70.dir/build
gmake[1]: вход в каталог «/home/artem/artem/MIPT/infa/project/sfgui-build/CMakeFiles/CMakeTmp»
Building CXX object CMakeFiles/cmTC_eec70.dir/testCXXCompiler.cxx.o
/usr/bin/c++     -o CMakeFiles/cmTC_eec70.dir/testCXXCompiler.cxx.o -c /home/artem/artem/MIPT/infa/project/sfgui-build/CMakeFiles/CMakeTmp/testCXXCompiler.cxx
Linking CXX executable cmTC_eec70
/usr/bin/cmake -E cmake_link_script CMakeFiles/cmTC_eec70.dir/link.txt --verbose=1
/usr/bin/c++        CMakeFiles/cmTC_eec70.dir/testCXXCompiler.cxx.o  -o cmTC_eec70 -rdynamic 
gmake[1]: выход из каталога «/home/artem/artem/MIPT/infa/project/sfgui-build/CMakeFiles/CMakeTmp»


Detecting CXX compiler ABI info compiled with the following output:
Change Dir: /home/artem/artem/MIPT/infa/project/sfgui-build/CMakeFiles/CMakeTmp

Run Build Command:"/usr/bin/gmake" "cmTC_cf224/fast"
/usr/bin/gmake -f CMakeFiles/cmTC_cf224.dir/build.make CMakeFiles/cmTC_cf224.dir/build
gmake[1]: вход в каталог «/home/artem/artem/MIPT/infa/project/sfgui-build/CMakeFiles/CMakeTmp»
Building CXX object CMakeFiles/cmTC_cf224.dir/CMakeCXXCompilerABI.cpp.o
/usr/bin/c++     -o CMakeFiles/cmTC_cf224.dir/CMakeCXXCompilerABI.cpp.o -c /usr/share/cmake/Modules/CMakeCXXCompilerABI.cpp
Linking CXX executable cmTC_cf224
/usr/bin/cmake -E cmake_link_script CMakeFiles/cmTC_cf224.dir/link.txt --verbose=1
/usr/bin/c++       -v CMakeFiles/cmTC_cf224.dir/CMakeCXXCompilerABI.cpp.o  -o cmTC_cf224 -rdynamic  
Используются внутренние спецификации.
COLLECT_GCC=/usr/x86_64-pc-linux-gnu/gcc-bin/4.9.3/c++
COLLECT_LTO_WRAPPER=/usr/libexec/gcc/x86_64-pc-linux-gnu/4.9.3/lto-wrapper
Целевая архитектура: x86_64-pc-linux-gnu
Параметры конфигурации: /tmp/portage/sys-devel/gcc-4.9.3/work/gcc-4.9.3/configure --host=x86_64-pc-linux-gnu --build=x86_64-pc-linux-gnu --prefix=/usr --bindir=/usr/x86_64-pc-linux-gnu/gcc-bin/4.9.3 --includedir=/usr/lib/gcc/x86_64-pc-linux-gnu/4.9.3/include --datadir=/usr/share/gcc-data/x86_64-pc-linux-gnu/4.9.3 --mandir=/usr/share/gcc-data/x86_64-pc-linux-gnu/4.9.3/man --infodir=/usr/share/gcc-data/x86_64-pc-linux-gnu/4.9.3/info --with-gxx-include-dir=/usr/lib/gcc/x86_64-pc-linux-gnu/4.9.3/include/g++-v4 --with-python-dir=/share/gcc-data/x86_64-pc-linux-gnu/4.9.3/python --enable-languages=c,c++,fortran --enable-obsolete --enable-secureplt --disable-werror --with-system-zlib --enable-nls --without-included-gettext --enable-checking=release --with-bugurl=https://bugs.gentoo.org/ --with-pkgversion='Gentoo 4.9.3 p1.5, pie-0.6.4' --enable-libstdcxx-time --enable-shared --enable-threads=posix --enable-__cxa_atexit --enable-clocale=gnu --enable-multilib --with-multilib-list=m32,m64 --disable-altivec --disable-fixed-point --enable-targets=all --disable-libgcj --enable-libgomp --disable-libmudflap --disable-libssp --disable-libcilkrts --enable-vtable-verify --enable-libvtv --enable-lto --without-cloog --enable-libsanitizer
Модель многопоточности: posix
gcc версия 4.9.3 (Gentoo 4.9.3 p1.5, pie-0.6.4) 
COMPILER_PATH=/usr/libexec/gcc/x86_64-pc-linux-gnu/4.9.3/:/usr/libexec/gcc/x86_64-pc-linux-gnu/4.9.3/:/usr/libexec/gcc/x86_64-pc-linux-gnu/:/usr/lib/gcc/x86_64-pc-linux-gnu/4.9.3/:/usr/lib/gcc/x86_64-pc-linux-gnu/:/usr/lib/gcc/x86_64-pc-linux-gnu/4.9.3/../../../../x86_64-pc-linux-gnu/bin/
LIBRARY_PATH=/usr/lib/gcc/x86_64-pc-linux-gnu/4.9.3/:/usr/lib/gcc/x86_64-pc-linux-gnu/4.9.3/../../../../lib64/:/lib/../lib64/:/usr/lib/../lib64/:/usr/lib/gcc/x86_64-pc-linux-gnu/4.9.3/../../../../x86_64-pc-linux-gnu/lib/:/usr/lib/gcc/x86_64-pc-linux-gnu/4.9.3/../../../:/lib/:/usr/lib/
COLLECT_GCC_OPTIONS='-v' '-o' 'cmTC_cf224' '-rdynamic' '-shared-libgcc' '-mtune=generic' '-march=x86-64'
 /usr/libexec/gcc/x86_64-pc-linux-gnu/4.9.3/collect2 -plugin /usr/libexec/gcc/x86_64-pc-linux-gnu/4.9.3/liblto_plugin.so -plugin-opt=/usr/libexec/gcc/x86_64-pc-linux-gnu/4.9.3/lto-wrapper -plugin-opt=-fresolution=/tmp/cclot4mJ.res -plugin-opt=-pass-through=-lgcc_s -plugin-opt=-pass-through=-lgcc -plugin-opt=-pass-through=-lc -plugin-opt=-pass-through=-lgcc_s -plugin-opt=-pass-through=-lgcc --eh-frame-hdr -m elf_x86_64 -export-dynamic -dynamic-linker /lib64/ld-linux-x86-64.so.2 -o cmTC_cf224 /usr/lib/gcc/x86_64-pc-linux-gnu/4.9.3/../../../../lib64/crt1.o /usr/lib/gcc/x86_64-pc-linux-gnu/4.9.3/../../../../lib64/crti.o /usr/lib/gcc/x86_64-pc-linux-gnu/4.9.3/crtbegin.o -L/usr/lib/gcc/x86_64-pc-linux-gnu/4.9.3 -L/usr/lib/gcc/x86_64-pc-linux-gnu/4.9.3/../../../../lib64 -L/lib/../lib64 -L/usr/lib/../lib64 -L/usr/lib/gcc/x86_64-pc-linux-gnu/4.9.3/../../../../x86_64-pc-linux-gnu/lib -L/usr/lib/gcc/x86_64-pc-linux-gnu/4.9.3/../../.. CMakeFiles/cmTC_cf224.dir/CMakeCXXCompilerABI.cpp.o -lstdc++ -lm -lgcc_s -lgcc -lc -lgcc_s -lgcc /usr/lib/gcc/x86_64-pc-linux-gnu/4.9.3/crtend.o /usr/lib/gcc/x86_64-pc-linux-gnu/4.9.3/../../../../lib64/crtn.o
gmake[1]: выход из каталога «/home/artem/artem/MIPT/infa/project/sfgui-build/CMakeFiles/CMakeTmp»


Parsed CXX implicit link information from above output:
  link line regex: [^( *|.*[/\])(ld|([^/\]+-)?ld|collect2)[^/\]*( |$)]
  ignore line: [Change Dir: /home/artem/artem/MIPT/infa/project/sfgui-build/CMakeFiles/CMakeTmp]
  ignore line: []
  ignore line: [Run Build Command:"/usr/bin/gmake" "cmTC_cf224/fast"]
  ignore line: [/usr/bin/gmake -f CMakeFiles/cmTC_cf224.dir/build.make CMakeFiles/cmTC_cf224.dir/build]
  ignore line: [gmake[1]: вход в каталог «/home/artem/artem/MIPT/infa/project/sfgui-build/CMakeFiles/CMakeTmp»]
  ignore line: [Building CXX object CMakeFiles/cmTC_cf224.dir/CMakeCXXCompilerABI.cpp.o]
  ignore line: [/usr/bin/c++     -o CMakeFiles/cmTC_cf224.dir/CMakeCXXCompilerABI.cpp.o -c /usr/share/cmake/Modules/CMakeCXXCompilerABI.cpp]
  ignore line: [Linking CXX executable cmTC_cf224]
  ignore line: [/usr/bin/cmake -E cmake_link_script CMakeFiles/cmTC_cf224.dir/link.txt --verbose=1]
  ignore line: [/usr/bin/c++       -v CMakeFiles/cmTC_cf224.dir/CMakeCXXCompilerABI.cpp.o  -o cmTC_cf224 -rdynamic  ]
  ignore line: [Используются внутренние спецификации.]
  ignore line: [COLLECT_GCC=/usr/x86_64-pc-linux-gnu/gcc-bin/4.9.3/c++]
  ignore line: [COLLECT_LTO_WRAPPER=/usr/libexec/gcc/x86_64-pc-linux-gnu/4.9.3/lto-wrapper]
  ignore line: [Целевая архитектура: x86_64-pc-linux-gnu]
  ignore line: [Параметры конфигурации: /tmp/portage/sys-devel/gcc-4.9.3/work/gcc-4.9.3/configure --host=x86_64-pc-linux-gnu --build=x86_64-pc-linux-gnu --prefix=/usr --bindir=/usr/x86_64-pc-linux-gnu/gcc-bin/4.9.3 --includedir=/usr/lib/gcc/x86_64-pc-linux-gnu/4.9.3/include --datadir=/usr/share/gcc-data/x86_64-pc-linux-gnu/4.9.3 --mandir=/usr/share/gcc-data/x86_64-pc-linux-gnu/4.9.3/man --infodir=/usr/share/gcc-data/x86_64-pc-linux-gnu/4.9.3/info --with-gxx-include-dir=/usr/lib/gcc/x86_64-pc-linux-gnu/4.9.3/include/g++-v4 --with-python-dir=/share/gcc-data/x86_64-pc-linux-gnu/4.9.3/python --enable-languages=c,c++,fortran --enable-obsolete --enable-secureplt --disable-werror --with-system-zlib --enable-nls --without-included-gettext --enable-checking=release --with-bugurl=https://bugs.gentoo.org/ --with-pkgversion='Gentoo 4.9.3 p1.5, pie-0.6.4' --enable-libstdcxx-time --enable-shared --enable-threads=posix --enable-__cxa_atexit --enable-clocale=gnu --enable-multilib --with-multilib-list=m32,m64 --disable-altivec --disable-fixed-point --enable-targets=all --disable-libgcj --enable-libgomp --disable-libmudflap --disable-libssp --disable-libcilkrts --enable-vtable-verify --enable-libvtv --enable-lto --without-cloog --enable-libsanitizer]
  ignore line: [Модель многопоточности: posix]
  ignore line: [gcc версия 4.9.3 (Gentoo 4.9.3 p1.5, pie-0.6.4) ]
  ignore line: [COMPILER_PATH=/usr/libexec/gcc/x86_64-pc-linux-gnu/4.9.3/:/usr/libexec/gcc/x86_64-pc-linux-gnu/4.9.3/:/usr/libexec/gcc/x86_64-pc-linux-gnu/:/usr/lib/gcc/x86_64-pc-linux-gnu/4.9.3/:/usr/lib/gcc/x86_64-pc-linux-gnu/:/usr/lib/gcc/x86_64-pc-linux-gnu/4.9.3/../../../../x86_64-pc-linux-gnu/bin/]
  ignore line: [LIBRARY_PATH=/usr/lib/gcc/x86_64-pc-linux-gnu/4.9.3/:/usr/lib/gcc/x86_64-pc-linux-gnu/4.9.3/../../../../lib64/:/lib/../lib64/:/usr/lib/../lib64/:/usr/lib/gcc/x86_64-pc-linux-gnu/4.9.3/../../../../x86_64-pc-linux-gnu/lib/:/usr/lib/gcc/x86_64-pc-linux-gnu/4.9.3/../../../:/lib/:/usr/lib/]
  ignore line: [COLLECT_GCC_OPTIONS='-v' '-o' 'cmTC_cf224' '-rdynamic' '-shared-libgcc' '-mtune=generic' '-march=x86-64']
  link line: [ /usr/libexec/gcc/x86_64-pc-linux-gnu/4.9.3/collect2 -plugin /usr/libexec/gcc/x86_64-pc-linux-gnu/4.9.3/liblto_plugin.so -plugin-opt=/usr/libexec/gcc/x86_64-pc-linux-gnu/4.9.3/lto-wrapper -plugin-opt=-fresolution=/tmp/cclot4mJ.res -plugin-opt=-pass-through=-lgcc_s -plugin-opt=-pass-through=-lgcc -plugin-opt=-pass-through=-lc -plugin-opt=-pass-through=-lgcc_s -plugin-opt=-pass-through=-lgcc --eh-frame-hdr -m elf_x86_64 -export-dynamic -dynamic-linker /lib64/ld-linux-x86-64.so.2 -o cmTC_cf224 /usr/lib/gcc/x86_64-pc-linux-gnu/4.9.3/../../../../lib64/crt1.o /usr/lib/gcc/x86_64-pc-linux-gnu/4.9.3/../../../../lib64/crti.o /usr/lib/gcc/x86_64-pc-linux-gnu/4.9.3/crtbegin.o -L/usr/lib/gcc/x86_64-pc-linux-gnu/4.9.3 -L/usr/lib/gcc/x86_64-pc-linux-gnu/4.9.3/../../../../lib64 -L/lib/../lib64 -L/usr/lib/../lib64 -L/usr/lib/gcc/x86_64-pc-linux-gnu/4.9.3/../../../../x86_64-pc-linux-gnu/lib -L/usr/lib/gcc/x86_64-pc-linux-gnu/4.9.3/../../.. CMakeFiles/cmTC_cf224.dir/CMakeCXXCompilerABI.cpp.o -lstdc++ -lm -lgcc_s -lgcc -lc -lgcc_s -lgcc /usr/lib/gcc/x86_64-pc-linux-gnu/4.9.3/crtend.o /usr/lib/gcc/x86_64-pc-linux-gnu/4.9.3/../../../../lib64/crtn.o]
    arg [/usr/libexec/gcc/x86_64-pc-linux-gnu/4.9.3/collect2] ==> ignore
    arg [-plugin] ==> ignore
    arg [/usr/libexec/gcc/x86_64-pc-linux-gnu/4.9.3/liblto_plugin.so] ==> ignore
    arg [-plugin-opt=/usr/libexec/gcc/x86_64-pc-linux-gnu/4.9.3/lto-wrapper] ==> ignore
    arg [-plugin-opt=-fresolution=/tmp/cclot4mJ.res] ==> ignore
    arg [-plugin-opt=-pass-through=-lgcc_s] ==> ignore
    arg [-plugin-opt=-pass-through=-lgcc] ==> ignore
    arg [-plugin-opt=-pass-through=-lc] ==> ignore
    arg [-plugin-opt=-pass-through=-lgcc_s] ==> ignore
    arg [-plugin-opt=-pass-through=-lgcc] ==> ignore
    arg [--eh-frame-hdr] ==> ignore
    arg [-m] ==> ignore
    arg [elf_x86_64] ==> ignore
    arg [-export-dynamic] ==> ignore
    arg [-dynamic-linker] ==> ignore
    arg [/lib64/ld-linux-x86-64.so.2] ==> ignore
    arg [-o] ==> ignore
    arg [cmTC_cf224] ==> ignore
    arg [/usr/lib/gcc/x86_64-pc-linux-gnu/4.9.3/../../../../lib64/crt1.o] ==> ignore
    arg [/usr/lib/gcc/x86_64-pc-linux-gnu/4.9.3/../../../../lib64/crti.o] ==> ignore
    arg [/usr/lib/gcc/x86_64-pc-linux-gnu/4.9.3/crtbegin.o] ==> ignore
    arg [-L/usr/lib/gcc/x86_64-pc-linux-gnu/4.9.3] ==> dir [/usr/lib/gcc/x86_64-pc-linux-gnu/4.9.3]
    arg [-L/usr/lib/gcc/x86_64-pc-linux-gnu/4.9.3/../../../../lib64] ==> dir [/usr/lib/gcc/x86_64-pc-linux-gnu/4.9.3/../../../../lib64]
    arg [-L/lib/../lib64] ==> dir [/lib/../lib64]
    arg [-L/usr/lib/../lib64] ==> dir [/usr/lib/../lib64]
    arg [-L/usr/lib/gcc/x86_64-pc-linux-gnu/4.9.3/../../../../x86_64-pc-linux-gnu/lib] ==> dir [/usr/lib/gcc/x86_64-pc-linux-gnu/4.9.3/../../../../x86_64-pc-linux-gnu/lib]
    arg [-L/usr/lib/gcc/x86_64-pc-linux-gnu/4.9.3/../../..] ==> dir [/usr/lib/gcc/x86_64-pc-linux-gnu/4.9.3/../../..]
    arg [CMakeFiles/cmTC_cf224.dir/CMakeCXXCompilerABI.cpp.o] ==> ignore
    arg [-lstdc++] ==> lib [stdc++]
    arg [-lm] ==> lib [m]
    arg [-lgcc_s] ==> lib [gcc_s]
    arg [-lgcc] ==> lib [gcc]
    arg [-lc] ==> lib [c]
    arg [-lgcc_s] ==> lib [gcc_s]
    arg [-lgcc] ==> lib [gcc]
    arg [/usr/lib/gcc/x86_64-pc-linux-gnu/4.9.3/crtend.o] ==> ignore
    arg [/usr/lib/gcc/x86_64-pc-linux-gnu/4.9.3/../../../../lib64/crtn.o] ==> ignore
  remove lib [gcc_s]
  remove lib [gcc]
  remove lib [gcc_s]
  remove lib [gcc]
  collapse library dir [/usr/lib/gcc/x86_64-pc-linux-gnu/4.9.3] ==> [/usr/lib/gcc/x86_64-pc-linux-gnu/4.9.3]
  collapse library dir [/usr/lib/gcc/x86_64-pc-linux-gnu/4.9.3/../../../../lib64] ==> [/usr/lib64]
  collapse library dir [/lib/../lib64] ==> [/lib64]
  collapse library dir [/usr/lib/../lib64] ==> [/usr/lib64]
  collapse library dir [/usr/lib/gcc/x86_64-pc-linux-gnu/4.9.3/../../../../x86_64-pc-linux-gnu/lib] ==> [/usr/x86_64-pc-linux-gnu/lib]
  collapse library dir [/usr/lib/gcc/x86_64-pc-linux-gnu/4.9.3/../../..] ==> [/usr/lib]
  implicit libs: [stdc++;m;c]
  implicit dirs: [/usr/lib/gcc/x86_64-pc-linux-gnu/4.9.3;/usr/lib64;/lib64;/usr/x86_64-pc-linux-gnu/lib;/usr/lib]
  implicit fwks: []




Detecting CXX [-std=c++14] compiler features compiled with the following output:
Change Dir: /home/artem/artem/MIPT/infa/project/sfgui-build/CMakeFiles/CMakeTmp

Run Build Command:"/usr/bin/gmake" "cmTC_9907a/fast"
/usr/bin/gmake -f CMakeFiles/cmTC_9907a.dir/build.make CMakeFiles/cmTC_9907a.dir/build
gmake[1]: вход в каталог «/home/artem/artem/MIPT/infa/project/sfgui-build/CMakeFiles/CMakeTmp»
Building CXX object CMakeFiles/cmTC_9907a.dir/feature_tests.cxx.o
/usr/bin/c++    -std=c++14 -o CMakeFiles/cmTC_9907a.dir/feature_tests.cxx.o -c /home/artem/artem/MIPT/infa/project/sfgui-build/CMakeFiles/feature_tests.cxx
Linking CXX executable cmTC_9907a
/usr/bin/cmake -E cmake_link_script CMakeFiles/cmTC_9907a.dir/link.txt --verbose=1
/usr/bin/c++        CMakeFiles/cmTC_9907a.dir/feature_tests.cxx.o  -o cmTC_9907a -rdynamic 
gmake[1]: выход из каталога «/home/artem/artem/MIPT/infa/project/sfgui-build/CMakeFiles/CMakeTmp»


    Feature record: CXX_FEATURE:0cxx_aggregate_default_initializers
    Feature record: CXX_FEATURE:1cxx_alias_templates
    Feature record: CXX_FEATURE:1cxx_alignas
    Feature record: CXX_FEATURE:1cxx_alignof
    Feature record: CXX_FEATURE:1cxx_attributes
    Feature record: CXX_FEATURE:1cxx_attribute_deprecated
    Feature record: CXX_FEATURE:1cxx_auto_type
    Feature record: CXX_FEATURE:1cxx_binary_literals
    Feature record: CXX_FEATURE:1cxx_constexpr
    Feature record: CXX_FEATURE:1cxx_contextual_conversions
    Feature record: CXX_FEATURE:1cxx_decltype
    Feature record: CXX_FEATURE:1cxx_decltype_auto
    Feature record: CXX_FEATURE:1cxx_decltype_incomplete_return_types
    Feature record: CXX_FEATURE:1cxx_default_function_template_args
    Feature record: CXX_FEATURE:1cxx_defaulted_functions
    Feature record: CXX_FEATURE:1cxx_defaulted_move_initializers
    Feature record: CXX_FEATURE:1cxx_delegating_constructors
    Feature record: CXX_FEATURE:1cxx_deleted_functions
    Feature record: CXX_FEATURE:1cxx_digit_separators
    Feature record: CXX_FEATURE:1cxx_enum_forward_declarations
    Feature record: CXX_FEATURE:1cxx_explicit_conversions
    Feature record: CXX_FEATURE:1cxx_extended_friend_declarations
    Feature record: CXX_FEATURE:1cxx_extern_templates
    Feature record: CXX_FEATURE:1cxx_final
    Feature record: CXX_FEATURE:1cxx_func_identifier
    Feature record: CXX_FEATURE:1cxx_generalized_initializers
    Feature record: CXX_FEATURE:1cxx_generic_lambdas
    Feature record: CXX_FEATURE:1cxx_inheriting_constructors
    Feature record: CXX_FEATURE:1cxx_inline_namespaces
    Feature record: CXX_FEATURE:1cxx_lambdas
    Feature record: CXX_FEATURE:1cxx_lambda_init_captures
    Feature record: CXX_FEATURE:1cxx_local_type_template_args
    Feature record: CXX_FEATURE:1cxx_long_long_type
    Feature record: CXX_FEATURE:1cxx_noexcept
    Feature record: CXX_FEATURE:1cxx_nonstatic_member_init
    Feature record: CXX_FEATURE:1cxx_nullptr
    Feature record: CXX_FEATURE:1cxx_override
    Feature record: CXX_FEATURE:1cxx_range_for
    Feature record: CXX_FEATURE:1cxx_raw_string_literals
    Feature record: CXX_FEATURE:1cxx_reference_qualified_functions
    Feature record: CXX_FEATURE:0cxx_relaxed_constexpr
    Feature record: CXX_FEATURE:1cxx_return_type_deduction
    Feature record: CXX_FEATURE:1cxx_right_angle_brackets
    Feature record: CXX_FEATURE:1cxx_rvalue_references
    Feature record: CXX_FEATURE:1cxx_sizeof_member
    Feature record: CXX_FEATURE:1cxx_static_assert
    Feature record: CXX_FEATURE:1cxx_strong_enums
    Feature record: CXX_FEATURE:1cxx_template_template_parameters
    Feature record: CXX_FEATURE:1cxx_thread_local
    Feature record: CXX_FEATURE:1cxx_trailing_return_types
    Feature record: CXX_FEATURE:1cxx_unicode_literals
    Feature record: CXX_FEATURE:1cxx_uniform_initialization
    Feature record: CXX_FEATURE:1cxx_unrestricted_unions
    Feature record: CXX_FEATURE:1cxx_user_literals
    Feature record: CXX_FEATURE:0cxx_variable_templates
    Feature record: CXX_FEATURE:1cxx_variadic_macros
    Feature record: CXX_FEATURE:1cxx_variadic_templates


Detecting CXX [-std=c++11] compiler features compiled with the following output:
Change Dir: /home/artem/artem/MIPT/infa/project/sfgui-build/CMakeFiles/CMakeTmp

Run Build Command:"/usr/bin/gmake" "cmTC_7557b/fast"
/usr/bin/gmake -f CMakeFiles/cmTC_7557b.dir/build.make CMakeFiles/cmTC_7557b.dir/build
gmake[1]: вход в каталог «/home/artem/artem/MIPT/infa/project/sfgui-build/CMakeFiles/CMakeTmp»
Building CXX object CMakeFiles/cmTC_7557b.dir/feature_tests.cxx.o
/usr/bin/c++    -std=c++11 -o CMakeFiles/cmTC_7557b.dir/feature_tests.cxx.o -c /home/artem/artem/MIPT/infa/project/sfgui-build/CMakeFiles/feature_tests.cxx
Linking CXX executable cmTC_7557b
/usr/bin/cmake -E cmake_link_script CMakeFiles/cmTC_7557b.dir/link.txt --verbose=1
/usr/bin/c++        CMakeFiles/cmTC_7557b.dir/feature_tests.cxx.o  -o cmTC_7557b -rdynamic 
gmake[1]: выход из каталога «/home/artem/artem/MIPT/infa/project/sfgui-build/CMakeFiles/CMakeTmp»


    Feature record: CXX_FEATURE:0cxx_aggregate_default_initializers
    Feature record: CXX_FEATURE:1cxx_alias_templates
    Feature record: CXX_FEATURE:1cxx_alignas
    Feature record: CXX_FEATURE:1cxx_alignof
    Feature record: CXX_FEATURE:1cxx_attributes
    Feature record: CXX_FEATURE:0cxx_attribute_deprecated
    Feature record: CXX_FEATURE:1cxx_auto_type
    Feature record: CXX_FEATURE:0cxx_binary_literals
    Feature record: CXX_FEATURE:1cxx_constexpr
    Feature record: CXX_FEATURE:0cxx_contextual_conversions
    Feature record: CXX_FEATURE:1cxx_decltype
    Feature record: CXX_FEATURE:0cxx_decltype_auto
    Feature record: CXX_FEATURE:1cxx_decltype_incomplete_return_types
    Feature record: CXX_FEATURE:1cxx_default_function_template_args
    Feature record: CXX_FEATURE:1cxx_defaulted_functions
    Feature record: CXX_FEATURE:1cxx_defaulted_move_initializers
    Feature record: CXX_FEATURE:1cxx_delegating_constructors
    Feature record: CXX_FEATURE:1cxx_deleted_functions
    Feature record: CXX_FEATURE:0cxx_digit_separators
    Feature record: CXX_FEATURE:1cxx_enum_forward_declarations
    Feature record: CXX_FEATURE:1cxx_explicit_conversions
    Feature record: CXX_FEATURE:1cxx_extended_friend_declarations
    Feature record: CXX_FEATURE:1cxx_extern_templates
    Feature record: CXX_FEATURE:1cxx_final
    Feature record: CXX_FEATURE:1cxx_func_identifier
    Feature record: CXX_FEATURE:1cxx_generalized_initializers
    Feature record: CXX_FEATURE:0cxx_generic_lambdas
    Feature record: CXX_FEATURE:1cxx_inheriting_constructors
    Feature record: CXX_FEATURE:1cxx_inline_namespaces
    Feature record: CXX_FEATURE:1cxx_lambdas
    Feature record: CXX_FEATURE:0cxx_lambda_init_captures
    Feature record: CXX_FEATURE:1cxx_local_type_template_args
    Feature record: CXX_FEATURE:1cxx_long_long_type
    Feature record: CXX_FEATURE:1cxx_noexcept
    Feature record: CXX_FEATURE:1cxx_nonstatic_member_init
    Feature record: CXX_FEATURE:1cxx_nullptr
    Feature record: CXX_FEATURE:1cxx_override
    Feature record: CXX_FEATURE:1cxx_range_for
    Feature record: CXX_FEATURE:1cxx_raw_string_literals
    Feature record: CXX_FEATURE:1cxx_reference_qualified_functions
    Feature record: CXX_FEATURE:0cxx_relaxed_constexpr
    Feature record: CXX_FEATURE:0cxx_return_type_deduction
    Feature record: CXX_FEATURE:1cxx_right_angle_brackets
    Feature record: CXX_FEATURE:1cxx_rvalue_references
    Feature record: CXX_FEATURE:1cxx_sizeof_member
    Feature record: CXX_FEATURE:1cxx_static_assert
    Feature record: CXX_FEATURE:1cxx_strong_enums
    Feature record: CXX_FEATURE:1cxx_template_template_parameters
    Feature record: CXX_FEATURE:1cxx_thread_local
    Feature record: CXX_FEATURE:1cxx_trailing_return_types
    Feature record: CXX_FEATURE:1cxx_unicode_literals
    Feature record: CXX_FEATURE:1cxx_uniform_initialization
    Feature record: CXX_FEATURE:1cxx_unrestricted_unions
    Feature record: CXX_FEATURE:1cxx_user_literals
    Feature record: CXX_FEATURE:0cxx_variable_templates
    Feature record: CXX_FEATURE:1cxx_variadic_macros
    Feature record: CXX_FEATURE:1cxx_variadic_templates


Detecting CXX [-std=c++98] compiler features compiled with the following output:
Change Dir: /home/artem/artem/MIPT/infa/project/sfgui-build/CMakeFiles/CMakeTmp

Run Build Command:"/usr/bin/gmake" "cmTC_54357/fast"
/usr/bin/gmake -f CMakeFiles/cmTC_54357.dir/build.make CMakeFiles/cmTC_54357.dir/build
gmake[1]: вход в каталог «/home/artem/artem/MIPT/infa/project/sfgui-build/CMakeFiles/CMakeTmp»
Building CXX object CMakeFiles/cmTC_54357.dir/feature_tests.cxx.o
/usr/bin/c++    -std=c++98 -o CMakeFiles/cmTC_54357.dir/feature_tests.cxx.o -c /home/artem/artem/MIPT/infa/project/sfgui-build/CMakeFiles/feature_tests.cxx
Linking CXX executable cmTC_54357
/usr/bin/cmake -E cmake_link_script CMakeFiles/cmTC_54357.dir/link.txt --verbose=1
/usr/bin/c++        CMakeFiles/cmTC_54357.dir/feature_tests.cxx.o  -o cmTC_54357 -rdynamic 
gmake[1]: выход из каталога «/home/artem/artem/MIPT/infa/project/sfgui-build/CMakeFiles/CMakeTmp»


    Feature record: CXX_FEATURE:0cxx_aggregate_default_initializers
    Feature record: CXX_FEATURE:0cxx_alias_templates
    Feature record: CXX_FEATURE:0cxx_alignas
    Feature record: CXX_FEATURE:0cxx_alignof
    Feature record: CXX_FEATURE:0cxx_attributes
    Feature record: CXX_FEATURE:0cxx_attribute_deprecated
    Feature record: CXX_FEATURE:0cxx_auto_type
    Feature record: CXX_FEATURE:0cxx_binary_literals
    Feature record: CXX_FEATURE:0cxx_constexpr
    Feature record: CXX_FEATURE:0cxx_contextual_conversions
    Feature record: CXX_FEATURE:0cxx_decltype
    Feature record: CXX_FEATURE:0cxx_decltype_auto
    Feature record: CXX_FEATURE:0cxx_decltype_incomplete_return_types
    Feature record: CXX_FEATURE:0cxx_default_function_template_args
    Feature record: CXX_FEATURE:0cxx_defaulted_functions
    Feature record: CXX_FEATURE:0cxx_defaulted_move_initializers
    Feature record: CXX_FEATURE:0cxx_delegating_constructors
    Feature record: CXX_FEATURE:0cxx_deleted_functions
    Feature record: CXX_FEATURE:0cxx_digit_separators
    Feature record: CXX_FEATURE:0cxx_enum_forward_declarations
    Feature record: CXX_FEATURE:0cxx_explicit_conversions
    Feature record: CXX_FEATURE:0cxx_extended_friend_declarations
    Feature record: CXX_FEATURE:0cxx_extern_templates
    Feature record: CXX_FEATURE:0cxx_final
    Feature record: CXX_FEATURE:0cxx_func_identifier
    Feature record: CXX_FEATURE:0cxx_generalized_initializers
    Feature record: CXX_FEATURE:0cxx_generic_lambdas
    Feature record: CXX_FEATURE:0cxx_inheriting_constructors
    Feature record: CXX_FEATURE:0cxx_inline_namespaces
    Feature record: CXX_FEATURE:0cxx_lambdas
    Feature record: CXX_FEATURE:0cxx_lambda_init_captures
    Feature record: CXX_FEATURE:0cxx_local_type_template_args
    Feature record: CXX_FEATURE:0cxx_long_long_type
    Feature record: CXX_FEATURE:0cxx_noexcept
    Feature record: CXX_FEATURE:0cxx_nonstatic_member_init
    Feature record: CXX_FEATURE:0cxx_nullptr
    Feature record: CXX_FEATURE:0cxx_override
    Feature record: CXX_FEATURE:0cxx_range_for
    Feature record: CXX_FEATURE:0cxx_raw_string_literals
    Feature record: CXX_FEATURE:0cxx_reference_qualified_functions
    Feature record: CXX_FEATURE:0cxx_relaxed_constexpr
    Feature record: CXX_FEATURE:0cxx_return_type_deduction
    Feature record: CXX_FEATURE:0cxx_right_angle_brackets
    Feature record: CXX_FEATURE:0cxx_rvalue_references
    Feature record: CXX_FEATURE:0cxx_sizeof_member
    Feature record: CXX_FEATURE:0cxx_static_assert
    Feature record: CXX_FEATURE:0cxx_strong_enums
    Feature record: CXX_FEATURE:1cxx_template_template_parameters
    Feature record: CXX_FEATURE:0cxx_thread_local
    Feature record: CXX_FEATURE:0cxx_trailing_return_types
    Feature record: CXX_FEATURE:0cxx_unicode_literals
    Feature record: CXX_FEATURE:0cxx_uniform_initialization
    Feature record: CXX_FEATURE:0cxx_unrestricted_unions
    Feature record: CXX_FEATURE:0cxx_user_literals
    Feature record: CXX_FEATURE:0cxx_variable_templates
    Feature record: CXX_FEATURE:0cxx_variadic_macros
    Feature record: CXX_FEATURE:0cxx_variadic_templates
Determining if the function XOpenDisplay exists in the /usr/lib64/libX11.so;/usr/lib64/libXext.so passed with the following output:
Change Dir: /home/artem/artem/MIPT/infa/project/sfgui-build/CMakeFiles/CMakeTmp

Run Build Command:"/usr/bin/gmake" "cmTC_00990/fast"
/usr/bin/gmake -f CMakeFiles/cmTC_00990.dir/build.make CMakeFiles/cmTC_00990.dir/build
gmake[1]: вход в каталог «/home/artem/artem/MIPT/infa/project/sfgui-build/CMakeFiles/CMakeTmp»
Building C object CMakeFiles/cmTC_00990.dir/CheckFunctionExists.c.o
/usr/bin/cc   -DCHECK_FUNCTION_EXISTS=XOpenDisplay   -o CMakeFiles/cmTC_00990.dir/CheckFunctionExists.c.o   -c /usr/share/cmake/Modules/CheckFunctionExists.c
Linking C executable cmTC_00990
/usr/bin/cmake -E cmake_link_script CMakeFiles/cmTC_00990.dir/link.txt --verbose=1
/usr/bin/cc   -DCHECK_FUNCTION_EXISTS=XOpenDisplay    CMakeFiles/cmTC_00990.dir/CheckFunctionExists.c.o  -o cmTC_00990 -rdynamic /usr/lib64/libX11.so /usr/lib64/libXext.so 
gmake[1]: выход из каталога «/home/artem/artem/MIPT/infa/project/sfgui-build/CMakeFiles/CMakeTmp»


Determining if the function gethostbyname exists passed with the following output:
Change Dir: /home/artem/artem/MIPT/infa/project/sfgui-build/CMakeFiles/CMakeTmp

Run Build Command:"/usr/bin/gmake" "cmTC_7a746/fast"
/usr/bin/gmake -f CMakeFiles/cmTC_7a746.dir/build.make CMakeFiles/cmTC_7a746.dir/build
gmake[1]: вход в каталог «/home/artem/artem/MIPT/infa/project/sfgui-build/CMakeFiles/CMakeTmp»
Building C object CMakeFiles/cmTC_7a746.dir/CheckFunctionExists.c.o
/usr/bin/cc   -DCHECK_FUNCTION_EXISTS=gethostbyname   -o CMakeFiles/cmTC_7a746.dir/CheckFunctionExists.c.o   -c /usr/share/cmake/Modules/CheckFunctionExists.c
Linking C executable cmTC_7a746
/usr/bin/cmake -E cmake_link_script CMakeFiles/cmTC_7a746.dir/link.txt --verbose=1
/usr/bin/cc   -DCHECK_FUNCTION_EXISTS=gethostbyname    CMakeFiles/cmTC_7a746.dir/CheckFunctionExists.c.o  -o cmTC_7a746 -rdynamic 
gmake[1]: выход из каталога «/home/artem/artem/MIPT/infa/project/sfgui-build/CMakeFiles/CMakeTmp»


Determining if the function connect exists passed with the following output:
Change Dir: /home/artem/artem/MIPT/infa/project/sfgui-build/CMakeFiles/CMakeTmp

Run Build Command:"/usr/bin/gmake" "cmTC_09ff8/fast"
/usr/bin/gmake -f CMakeFiles/cmTC_09ff8.dir/build.make CMakeFiles/cmTC_09ff8.dir/build
gmake[1]: вход в каталог «/home/artem/artem/MIPT/infa/project/sfgui-build/CMakeFiles/CMakeTmp»
Building C object CMakeFiles/cmTC_09ff8.dir/CheckFunctionExists.c.o
/usr/bin/cc   -DCHECK_FUNCTION_EXISTS=connect   -o CMakeFiles/cmTC_09ff8.dir/CheckFunctionExists.c.o   -c /usr/share/cmake/Modules/CheckFunctionExists.c
Linking C executable cmTC_09ff8
/usr/bin/cmake -E cmake_link_script CMakeFiles/cmTC_09ff8.dir/link.txt --verbose=1
/usr/bin/cc   -DCHECK_FUNCTION_EXISTS=connect    CMakeFiles/cmTC_09ff8.dir/CheckFunctionExists.c.o  -o cmTC_09ff8 -rdynamic 
gmake[1]: выход из каталога «/home/artem/artem/MIPT/infa/project/sfgui-build/CMakeFiles/CMakeTmp»


Determining if the function remove exists passed with the following output:
Change Dir: /home/artem/artem/MIPT/infa/project/sfgui-build/CMakeFiles/CMakeTmp

Run Build Command:"/usr/bin/gmake" "cmTC_6749a/fast"
/usr/bin/gmake -f CMakeFiles/cmTC_6749a.dir/build.make CMakeFiles/cmTC_6749a.dir/build
gmake[1]: вход в каталог «/home/artem/artem/MIPT/infa/project/sfgui-build/CMakeFiles/CMakeTmp»
Building C object CMakeFiles/cmTC_6749a.dir/CheckFunctionExists.c.o
/usr/bin/cc   -DCHECK_FUNCTION_EXISTS=remove   -o CMakeFiles/cmTC_6749a.dir/CheckFunctionExists.c.o   -c /usr/share/cmake/Modules/CheckFunctionExists.c
Linking C executable cmTC_6749a
/usr/bin/cmake -E cmake_link_script CMakeFiles/cmTC_6749a.dir/link.txt --verbose=1
/usr/bin/cc   -DCHECK_FUNCTION_EXISTS=remove    CMakeFiles/cmTC_6749a.dir/CheckFunctionExists.c.o  -o cmTC_6749a -rdynamic 
gmake[1]: выход из каталога «/home/artem/artem/MIPT/infa/project/sfgui-build/CMakeFiles/CMakeTmp»


Determining if the function shmat exists passed with the following output:
Change Dir: /home/artem/artem/MIPT/infa/project/sfgui-build/CMakeFiles/CMakeTmp

Run Build Command:"/usr/bin/gmake" "cmTC_a4214/fast"
/usr/bin/gmake -f CMakeFiles/cmTC_a4214.dir/build.make CMakeFiles/cmTC_a4214.dir/build
gmake[1]: вход в каталог «/home/artem/artem/MIPT/infa/project/sfgui-build/CMakeFiles/CMakeTmp»
Building C object CMakeFiles/cmTC_a4214.dir/CheckFunctionExists.c.o
/usr/bin/cc   -DCHECK_FUNCTION_EXISTS=shmat   -o CMakeFiles/cmTC_a4214.dir/CheckFunctionExists.c.o   -c /usr/share/cmake/Modules/CheckFunctionExists.c
Linking C executable cmTC_a4214
/usr/bin/cmake -E cmake_link_script CMakeFiles/cmTC_a4214.dir/link.txt --verbose=1
/usr/bin/cc   -DCHECK_FUNCTION_EXISTS=shmat    CMakeFiles/cmTC_a4214.dir/CheckFunctionExists.c.o  -o cmTC_a4214 -rdynamic 
gmake[1]: выход из каталога «/home/artem/artem/MIPT/infa/project/sfgui-build/CMakeFiles/CMakeTmp»


Determining if the function IceConnectionNumber exists in the ICE passed with the following output:
Change Dir: /home/artem/artem/MIPT/infa/project/sfgui-build/CMakeFiles/CMakeTmp

Run Build Command:"/usr/bin/gmake" "cmTC_9ba64/fast"
/usr/bin/gmake -f CMakeFiles/cmTC_9ba64.dir/build.make CMakeFiles/cmTC_9ba64.dir/build
gmake[1]: вход в каталог «/home/artem/artem/MIPT/infa/project/sfgui-build/CMakeFiles/CMakeTmp»
Building C object CMakeFiles/cmTC_9ba64.dir/CheckFunctionExists.c.o
/usr/bin/cc   -DCHECK_FUNCTION_EXISTS=IceConnectionNumber   -o CMakeFiles/cmTC_9ba64.dir/CheckFunctionExists.c.o   -c /usr/share/cmake/Modules/CheckFunctionExists.c
Linking C executable cmTC_9ba64
/usr/bin/cmake -E cmake_link_script CMakeFiles/cmTC_9ba64.dir/link.txt --verbose=1
/usr/bin/cc   -DCHECK_FUNCTION_EXISTS=IceConnectionNumber    CMakeFiles/cmTC_9ba64.dir/CheckFunctionExists.c.o  -o cmTC_9ba64 -rdynamic -lICE 
gmake[1]: выход из каталога «/home/artem/artem/MIPT/infa/project/sfgui-build/CMakeFiles/CMakeTmp»


